<?xml version="1.0" encoding="UTF-8"?>
<!-- Generated by org.testng.reporters.JUnitReportReporter -->
<testsuite hostname="LAPTOP-8BK19D4J" failures="0" tests="1" name="com.runner.InternetLogin" time="12.653" errors="0" timestamp="2025-03-11T12:15:34 IST" skipped="0">
  <testcase classname="com.runner.InternetLogin" name="runScenario" time="12.653"/>
  <system-out/>
</testsuite> <!-- com.runner.InternetLogin -->
